<?xml version="1.0" encoding="UTF-8"?>
<!-- Generated by org.testng.reporters.JUnitXMLReporter -->
<testsuite hostname="yunus" ignored="0" name="Test" tests="6" failures="0" timestamp="2021-12-18T00:41:59 IST" time="43.642" errors="0">
  <testcase name="HomeScreen" time="0.003" classname="TestCases.AmazonHomeTest"/>
  <testcase name="ValidLogin" time="5.454" classname="TestCases.Page1Test"/>
  <testcase name="invalidLogin" time="3.97" classname="TestCases.Page1Test"/>
  <testcase name="invalidMobile" time="4.479" classname="TestCases.Page1Test"/>
  <testcase name="withoutpwd" time="2.177" classname="TestCases.Page1Test"/>
  <testcase name="orderplace" time="0.001" classname="TestCases.OrderTest"/>
</testsuite> <!-- Test -->
