<?xml version="1.0" encoding="UTF-8"?>
<testsuite xmlns:xsi="http://www.w3.org/2001/XMLSchema-instance" xsi:noNamespaceSchemaLocation="https://maven.apache.org/surefire/maven-surefire-plugin/xsd/surefire-test-report-3.0.xsd" version="3.0" name="TestSuite" time="44.023" tests="6" errors="0" skipped="0" failures="0">
  <properties>
[...]
</properties>
  <testcase name="HomeScreen" classname="TestCases.AmazonHomeTest" time="0.004">
    <system-out><![CDATA[Logged in successfully
]]></system-out>
  </testcase>
  <testcase name="ValidLogin" classname="TestCases.Page1Test" time="5.439">
    <system-out><![CDATA[Amazon Sign In
]]></system-out>
    <system-err><![CDATA[Starting ChromeDriver 95.0.4638.69 (6a1600ed572fedecd573b6c2b90a22fe6392a410-refs/branch-heads/4638@{#984}) on port 15807
Only local connections are allowed.
Please see https://chromedriver.chromium.org/security-considerations for suggestions on keeping ChromeDriver safe.
ChromeDriver was started successfully.
[1639768276.862][WARNING]: This version of ChromeDriver has not been tested with Chrome version 96.
Dec 18, 2021 12:41:16 AM org.openqa.selenium.remote.ProtocolHandshake createSession
INFO: Detected dialect: W3C
]]></system-err>
  </testcase>
  <testcase name="invalidLogin" classname="TestCases.Page1Test" time="3.957">
    <system-out><![CDATA[Amazon Sign In
]]></system-out>
    <system-err><![CDATA[Starting ChromeDriver 95.0.4638.69 (6a1600ed572fedecd573b6c2b90a22fe6392a410-refs/branch-heads/4638@{#984}) on port 20076
Only local connections are allowed.
Please see https://chromedriver.chromium.org/security-considerations for suggestions on keeping ChromeDriver safe.
ChromeDriver was started successfully.
[1639768288.494][WARNING]: This version of ChromeDriver has not been tested with Chrome version 96.
Dec 18, 2021 12:41:28 AM org.openqa.selenium.remote.ProtocolHandshake createSession
INFO: Detected dialect: W3C
]]></system-err>
  </testcase>
  <testcase name="invalidMobile" classname="TestCases.Page1Test" time="4.475">
    <system-out><![CDATA[Amazon Sign In
]]></system-out>
    <system-err><![CDATA[Starting ChromeDriver 95.0.4638.69 (6a1600ed572fedecd573b6c2b90a22fe6392a410-refs/branch-heads/4638@{#984}) on port 4062
Only local connections are allowed.
Please see https://chromedriver.chromium.org/security-considerations for suggestions on keeping ChromeDriver safe.
ChromeDriver was started successfully.
[1639768298.354][WARNING]: This version of ChromeDriver has not been tested with Chrome version 96.
Dec 18, 2021 12:41:38 AM org.openqa.selenium.remote.ProtocolHandshake createSession
INFO: Detected dialect: W3C
]]></system-err>
  </testcase>
  <testcase name="withoutpwd" classname="TestCases.Page1Test" time="2.169">
    <system-out><![CDATA[Amazon Sign In
]]></system-out>
    <system-err><![CDATA[Starting ChromeDriver 95.0.4638.69 (6a1600ed572fedecd573b6c2b90a22fe6392a410-refs/branch-heads/4638@{#984}) on port 12704
Only local connections are allowed.
Please see https://chromedriver.chromium.org/security-considerations for suggestions on keeping ChromeDriver safe.
ChromeDriver was started successfully.
[1639768310.912][WARNING]: This version of ChromeDriver has not been tested with Chrome version 96.
Dec 18, 2021 12:41:50 AM org.openqa.selenium.remote.ProtocolHandshake createSession
INFO: Detected dialect: W3C
]]></system-err>
  </testcase>
  <testcase name="orderplace" classname="TestCases.OrderTest" time="0">
    <system-out><![CDATA[Order placed
]]></system-out>
  </testcase>
</testsuite>