<?xml version="1.0" encoding="UTF-8"?>
<!-- Generated by org.testng.reporters.JUnitXMLReporter -->
<testsuite hostname="yunus" ignored="0" name="Test" tests="6" failures="0" timestamp="2021-12-18T00:37:56 IST" time="48.724" errors="0">
  <testcase name="HomeScreen" time="0.019" classname="TestCases.AmazonHomeTest"/>
  <testcase name="ValidLogin" time="7.619" classname="TestCases.Page1Test"/>
  <testcase name="invalidLogin" time="3.581" classname="TestCases.Page1Test"/>
  <testcase name="invalidMobile" time="4.241" classname="TestCases.Page1Test"/>
  <testcase name="withoutpwd" time="1.874" classname="TestCases.Page1Test"/>
  <testcase name="orderplace" time="0.001" classname="TestCases.OrderTest"/>
</testsuite> <!-- Test -->
