<?xml version="1.0" encoding="UTF-8"?>
<!-- Generated by org.testng.reporters.JUnitXMLReporter -->
<testsuite hostname="yunus" ignored="0" name="Default test" tests="12" failures="0" timestamp="2021-12-14T15:33:40 IST" time="104.51" errors="0">
  <testcase name="Fifth" time="0.008" classname="TestCases.AmazonLoginTest"/>
  <testcase name="Six" time="0.002" classname="TestCases.AmazonLoginTest"/>
  <testcase name="eight" time="0.002" classname="TestCases.AmazonLoginTest"/>
  <testcase name="fourth" time="0.001" classname="TestCases.AmazonLoginTest"/>
  <testcase name="invalidLogin" time="5.945" classname="TestCases.AmazonLoginTest"/>
  <testcase name="last" time="0.001" classname="TestCases.AmazonLoginTest"/>
  <testcase name="one" time="0.002" classname="TestCases.AmazonLoginTest"/>
  <testcase name="rty" time="0.001" classname="TestCases.AmazonLoginTest"/>
  <testcase name="seven" time="0.001" classname="TestCases.AmazonLoginTest"/>
  <testcase name="three" time="0.001" classname="TestCases.AmazonLoginTest"/>
  <testcase name="two" time="0.002" classname="TestCases.AmazonLoginTest"/>
  <testcase name="validLogin" time="5.479" classname="TestCases.AmazonLoginTest"/>
</testsuite> <!-- Default test -->
